101.09.13 17:31 B A:\web\img\eck.jpg <-- raq3-admin2 /home/sites/site59/web/img eck.jpg
101.09.13 17:31 B A:\web\img\ecke_gelb.gif <-- raq3-admin2 /home/sites/site59/web/img ecke_gelb.gif
101.09.13 17:31 B A:\web\img\ecke_tab.gif <-- raq3-admin2 /home/sites/site59/web/img ecke_tab.gif
101.09.13 17:31 B A:\web\img\logos.gif <-- raq3-admin2 /home/sites/site59/web/img logos.gif
101.09.13 17:31 B A:\web\img\saltoyouth.gif <-- raq3-admin2 /home/sites/site59/web/img saltoyouth.gif
101.09.13 17:31 B A:\web\img\saltoyouth.jpg <-- raq3-admin2 /home/sites/site59/web/img saltoyouth.jpg
101.09.13 17:31 B A:\web\img\schatten.gif <-- raq3-admin2 /home/sites/site59/web/img schatten.gif
101.09.13 17:31 B A:\web\img\slash.gif <-- raq3-admin2 /home/sites/site59/web/img slash.gif
101.09.13 17:31 B A:\web\img\submenu_bg.jpg <-- raq3-admin2 /home/sites/site59/web/img submenu_bg.jpg
101.09.13 17:31 B A:\web\img\submenu_kante.jpg <-- raq3-admin2 /home/sites/site59/web/img submenu_kante.jpg
101.09.13 17:31 B A:\web\img\submenu_rechts.jpg <-- raq3-admin2 /home/sites/site59/web/img submenu_rechts.jpg
101.09.13 17:31 B A:\web\img\x.gif <-- raq3-admin2 /home/sites/site59/web/img x.gif
101.09.28 11:34 B A:\htdocs\img\eck.jpg --> www.salto-youth.net /img eck.jpg
101.09.28 11:34 B A:\htdocs\img\ecke_gelb.gif --> www.salto-youth.net /img ecke_gelb.gif
101.09.28 11:34 B A:\htdocs\img\ecke_tab.gif --> www.salto-youth.net /img ecke_tab.gif
101.09.28 11:34 B A:\htdocs\img\logos.gif --> www.salto-youth.net /img logos.gif
101.09.28 11:34 B A:\htdocs\img\saltoyouth.gif --> www.salto-youth.net /img saltoyouth.gif
101.09.28 11:34 B A:\htdocs\img\saltoyouth.jpg --> www.salto-youth.net /img saltoyouth.jpg
101.09.28 11:34 B A:\htdocs\img\schatten.gif --> www.salto-youth.net /img schatten.gif
101.09.28 11:34 B A:\htdocs\img\slash.gif --> www.salto-youth.net /img slash.gif
101.09.28 11:34 B A:\htdocs\img\submenu_bg.jpg --> www.salto-youth.net /img submenu_bg.jpg
101.09.28 11:34 B A:\htdocs\img\submenu_kante.jpg --> www.salto-youth.net /img submenu_kante.jpg
101.09.28 11:34 B A:\htdocs\img\submenu_rechts.jpg --> www.salto-youth.net /img submenu_rechts.jpg
